<?xml version="1.0" encoding="UTF-8"?>
<!-- Generated by org.testng.reporters.JUnitReportReporter -->
<testsuite hostname="IN-5CG01711RJ" failures="0" tests="1" name="ManUTDRegression.test.LaunchManUApp" time="2.833" errors="0" timestamp="2024-04-16T01:41:51 IST" skipped="0">
  <testcase classname="ManUTDRegression.test.LaunchManUApp" name="runLaunchApp" time="2.833"/>
</testsuite> <!-- ManUTDRegression.test.LaunchManUApp -->
