<?xml version="1.0" encoding="UTF-8"?>
<!-- Generated by org.testng.reporters.JUnitReportReporter -->
<testsuite hostname="IN-5CG01711RJ" failures="0" tests="1" name="ManUTDRegression.test.SingUpTest" time="172.139" errors="0" timestamp="2024-05-01T21:48:59 IST" skipped="0">
  <testcase classname="ManUTDRegression.test.SingUpTest" name="runSingUp" time="172.139"/>
</testsuite> <!-- ManUTDRegression.test.SingUpTest -->
