<?xml version="1.0" encoding="UTF-8"?>
<!-- Generated by org.testng.reporters.JUnitReportReporter -->
<testsuite hostname="IN-5CG01711RJ" failures="0" tests="1" name="ManUTDRegression.test.ValidateManUAppLogin" time="79.601" errors="0" timestamp="2024-04-28T15:11:06 IST" skipped="0">
  <testcase classname="ManUTDRegression.test.ValidateManUAppLogin" name="runLoginToManUApp" time="79.601"/>
</testsuite> <!-- ManUTDRegression.test.ValidateManUAppLogin -->
