<?xml version="1.0" encoding="UTF-8"?>
<!-- Generated by org.testng.reporters.JUnitReportReporter -->
<testsuite hostname="IN-5CG01711RJ" failures="0" tests="1" name="ManUTDRegression.test.ValidateNonMUTVPlay" time="281.973" errors="0" timestamp="2024-04-30T12:30:21 IST" skipped="0">
  <testcase classname="ManUTDRegression.test.ValidateNonMUTVPlay" name="runValidateNonMUTVPlay" time="281.973"/>
</testsuite> <!-- ManUTDRegression.test.ValidateNonMUTVPlay -->
