<?xml version="1.0" encoding="UTF-8"?>
<!-- Generated by org.testng.reporters.JUnitReportReporter -->
<testsuite hostname="IN-5CG01711RJ" failures="0" tests="1" name="ManUTDRegression.test.ValidateManUVideoPause" time="122.894" errors="0" timestamp="2024-04-30T22:03:59 IST" skipped="0">
  <testcase classname="ManUTDRegression.test.ValidateManUVideoPause" name="runValidateManUVideoPause" time="122.894"/>
</testsuite> <!-- ManUTDRegression.test.ValidateManUVideoPause -->
