<?xml version="1.0" encoding="UTF-8"?>
<!-- Generated by org.testng.reporters.JUnitReportReporter -->
<testsuite hostname="IN-5CG01711RJ" failures="0" tests="1" name="ManUTDRegression.test.ClickOnLetsGoTwoTestcase" time="186.973" errors="0" timestamp="2024-04-15T15:34:45 IST" skipped="0">
  <testcase classname="ManUTDRegression.test.ClickOnLetsGoTwoTestcase" name="runClickOnLetsGoTwo" time="186.973"/>
</testsuite> <!-- ManUTDRegression.test.ClickOnLetsGoTwoTestcase -->
