<?xml version="1.0" encoding="UTF-8"?>
<!-- Generated by org.testng.reporters.JUnitReportReporter -->
<testsuite hostname="IN-5CG01711RJ" failures="0" tests="1" name="ManUTDRegression.test.ClickOnLetsGoButton" time="64.480" errors="0" timestamp="2024-04-15T14:05:30 IST" skipped="0">
  <testcase classname="ManUTDRegression.test.ClickOnLetsGoButton" name="runClickOnLetsGoButton" time="64.480"/>
</testsuite> <!-- ManUTDRegression.test.ClickOnLetsGoButton -->
