<?xml version="1.0" encoding="UTF-8"?>
<!-- Generated by org.testng.reporters.JUnitReportReporter -->
<testsuite hostname="IN-5CG01711RJ" failures="0" tests="1" name="ManUTDRegression.test.ValidateLogin" time="309.296" errors="0" timestamp="2024-04-15T16:48:27 IST" skipped="0">
  <testcase classname="ManUTDRegression.test.ValidateLogin" name="runLoginPageCheck" time="309.296"/>
</testsuite> <!-- ManUTDRegression.test.ValidateLogin -->
